# JRE version: OpenJDK Runtime Environment (8.0_242-b01) (build 1.8.0_242-release-1644-b01)
# Java VM: OpenJDK 64-Bit Server VM (25.242-b01 mixed mode windows-amd64 compressed oops)
Heap:
 PSYoungGen      total 76800K, used 41158K [0x00000000eab00000, 0x00000000f2580000, 0x0000000100000000)
  eden space 65536K, 51% used [0x00000000eab00000,0x00000000ecc098e0,0x00000000eeb00000)
  from space 11264K, 65% used [0x00000000eeb00000,0x00000000ef228180,0x00000000ef600000)
  to   space 10752K, 0% used [0x00000000f1b00000,0x00000000f1b00000,0x00000000f2580000)
 ParOldGen       total 59904K, used 9402K [0x00000000c0000000, 0x00000000c3a80000, 0x00000000eab00000)
  object space 59904K, 15% used [0x00000000c0000000,0x00000000c092eac8,0x00000000c3a80000)
 Metaspace       used 31362K, capacity 32436K, committed 32768K, reserved 1077248K
  class space    used 4226K, capacity 4481K, committed 4608K, reserved 1048576K
GC Heap History (10 events):
Event: 5.215 GC heap before
{Heap before GC invocations=4 (full 0):
 PSYoungGen      total 38400K, used 38105K [0x00000000eab00000, 0x00000000ed580000, 0x0000000100000000)
  eden space 33280K, 99% used [0x00000000eab00000,0x00000000ecb3a708,0x00000000ecb80000)
  from space 5120K, 99% used [0x00000000ecb80000,0x00000000ed07c010,0x00000000ed080000)
  to   space 5120K, 0% used [0x00000000ed080000,0x00000000ed080000,0x00000000ed580000)
 ParOldGen       total 87552K, used 1106K [0x00000000c0000000, 0x00000000c5580000, 0x00000000eab00000)
  object space 87552K, 1% used [0x00000000c0000000,0x00000000c0114948,0x00000000c5580000)
 Metaspace       used 14724K, capacity 15218K, committed 15488K, reserved 1062912K
  class space    used 2009K, capacity 2165K, committed 2176K, reserved 1048576K
Event: 5.227 GC heap after
Heap after GC invocations=4 (full 0):
 PSYoungGen      total 38400K, used 5119K [0x00000000eab00000, 0x00000000ef600000, 0x0000000100000000)
  eden space 33280K, 0% used [0x00000000eab00000,0x00000000eab00000,0x00000000ecb80000)
  from space 5120K, 99% used [0x00000000ed080000,0x00000000ed57fc50,0x00000000ed580000)
  to   space 5120K, 0% used [0x00000000ecb80000,0x00000000ecb80000,0x00000000ed080000)
 ParOldGen       total 87552K, used 3489K [0x00000000c0000000, 0x00000000c5580000, 0x00000000eab00000)
  object space 87552K, 3% used [0x00000000c0000000,0x00000000c03684a8,0x00000000c5580000)
 Metaspace       used 14724K, capacity 15218K, committed 15488K, reserved 1062912K
  class space    used 2009K, capacity 2165K, committed 2176K, reserved 1048576K
}
Event: 6.260 GC heap before
{Heap before GC invocations=5 (full 0):
 PSYoungGen      total 38400K, used 38399K [0x00000000eab00000, 0x00000000ef600000, 0x0000000100000000)
  eden space 33280K, 100% used [0x00000000eab00000,0x00000000ecb80000,0x00000000ecb80000)
  from space 5120K, 99% used [0x00000000ed080000,0x00000000ed57fc50,0x00000000ed580000)
  to   space 5120K, 0% used [0x00000000ecb80000,0x00000000ecb80000,0x00000000ed080000)
 ParOldGen       total 87552K, used 3489K [0x00000000c0000000, 0x00000000c5580000, 0x00000000eab00000)
  object space 87552K, 3% used [0x00000000c0000000,0x00000000c03684a8,0x00000000c5580000)
 Metaspace       used 17679K, capacity 18362K, committed 18560K, reserved 1064960K
  class space    used 2419K, capacity 2639K, committed 2688K, reserved 1048576K
Event: 6.293 GC heap after
Heap after GC invocations=5 (full 0):
 PSYoungGen      total 38400K, used 5088K [0x00000000eab00000, 0x00000000f0000000, 0x0000000100000000)
  eden space 33280K, 0% used [0x00000000eab00000,0x00000000eab00000,0x00000000ecb80000)
  from space 5120K, 99% used [0x00000000ecb80000,0x00000000ed078020,0x00000000ed080000)
  to   space 10240K, 0% used [0x00000000ef600000,0x00000000ef600000,0x00000000f0000000)
 ParOldGen       total 87552K, used 6615K [0x00000000c0000000, 0x00000000c5580000, 0x00000000eab00000)
  object space 87552K, 7% used [0x00000000c0000000,0x00000000c0675f20,0x00000000c5580000)
 Metaspace       used 17679K, capacity 18362K, committed 18560K, reserved 1064960K
  class space    used 2419K, capacity 2639K, committed 2688K, reserved 1048576K
}
Event: 7.110 GC heap before
{Heap before GC invocations=6 (full 0):
 PSYoungGen      total 38400K, used 37732K [0x00000000eab00000, 0x00000000f0000000, 0x0000000100000000)
  eden space 33280K, 98% used [0x00000000eab00000,0x00000000ecae1088,0x00000000ecb80000)
  from space 5120K, 99% used [0x00000000ecb80000,0x00000000ed078020,0x00000000ed080000)
  to   space 10240K, 0% used [0x00000000ef600000,0x00000000ef600000,0x00000000f0000000)
 ParOldGen       total 87552K, used 6615K [0x00000000c0000000, 0x00000000c5580000, 0x00000000eab00000)
  object space 87552K, 7% used [0x00000000c0000000,0x00000000c0675f20,0x00000000c5580000)
 Metaspace       used 20547K, capacity 21218K, committed 21296K, reserved 1067008K
  class space    used 2862K, capacity 3039K, committed 3072K, reserved 1048576K
Event: 7.124 GC heap after
Heap after GC invocations=6 (full 0):
 PSYoungGen      total 75776K, used 8799K [0x00000000eab00000, 0x00000000f0200000, 0x0000000100000000)
  eden space 65536K, 0% used [0x00000000eab00000,0x00000000eab00000,0x00000000eeb00000)
  from space 10240K, 85% used [0x00000000ef600000,0x00000000efe97d00,0x00000000f0000000)
  to   space 11264K, 0% used [0x00000000eeb00000,0x00000000eeb00000,0x00000000ef600000)
 ParOldGen       total 87552K, used 6623K [0x00000000c0000000, 0x00000000c5580000, 0x00000000eab00000)
  object space 87552K, 7% used [0x00000000c0000000,0x00000000c0677f20,0x00000000c5580000)
 Metaspace       used 20547K, capacity 21218K, committed 21296K, reserved 1067008K
  class space    used 2862K, capacity 3039K, committed 3072K, reserved 1048576K
}
Event: 7.124 GC heap before
{Heap before GC invocations=7 (full 1):
 PSYoungGen      total 75776K, used 8799K [0x00000000eab00000, 0x00000000f0200000, 0x0000000100000000)
  eden space 65536K, 0% used [0x00000000eab00000,0x00000000eab00000,0x00000000eeb00000)
  from space 10240K, 85% used [0x00000000ef600000,0x00000000efe97d00,0x00000000f0000000)
  to   space 11264K, 0% used [0x00000000eeb00000,0x00000000eeb00000,0x00000000ef600000)
 ParOldGen       total 87552K, used 6623K [0x00000000c0000000, 0x00000000c5580000, 0x00000000eab00000)
  object space 87552K, 7% used [0x00000000c0000000,0x00000000c0677f20,0x00000000c5580000)
 Metaspace       used 20547K, capacity 21218K, committed 21296K, reserved 1067008K
  class space    used 2862K, capacity 3039K, committed 3072K, reserved 1048576K
Event: 7.199 GC heap after
Heap after GC invocations=7 (full 1):
 PSYoungGen      total 75776K, used 0K [0x00000000eab00000, 0x00000000f0200000, 0x0000000100000000)
  eden space 65536K, 0% used [0x00000000eab00000,0x00000000eab00000,0x00000000eeb00000)
  from space 10240K, 0% used [0x00000000ef600000,0x00000000ef600000,0x00000000f0000000)
  to   space 11264K, 0% used [0x00000000eeb00000,0x00000000eeb00000,0x00000000ef600000)
 ParOldGen       total 59904K, used 9394K [0x00000000c0000000, 0x00000000c3a80000, 0x00000000eab00000)
  object space 59904K, 15% used [0x00000000c0000000,0x00000000c092cac8,0x00000000c3a80000)
 Metaspace       used 20547K, capacity 21218K, committed 21296K, reserved 1067008K
  class space    used 2862K, capacity 3039K, committed 3072K, reserved 1048576K
}
Event: 9.023 GC heap before
{Heap before GC invocations=8 (full 1):
 PSYoungGen      total 75776K, used 65536K [0x00000000eab00000, 0x00000000f0200000, 0x0000000100000000)
  eden space 65536K, 100% used [0x00000000eab00000,0x00000000eeb00000,0x00000000eeb00000)
  from space 10240K, 0% used [0x00000000ef600000,0x00000000ef600000,0x00000000f0000000)
  to   space 11264K, 0% used [0x00000000eeb00000,0x00000000eeb00000,0x00000000ef600000)
 ParOldGen       total 59904K, used 9394K [0x00000000c0000000, 0x00000000c3a80000, 0x00000000eab00000)
  object space 59904K, 15% used [0x00000000c0000000,0x00000000c092cac8,0x00000000c3a80000)
 Metaspace       used 25691K, capacity 26712K, committed 26752K, reserved 1073152K
  class space    used 3679K, capacity 3951K, committed 3968K, reserved 1048576K
Event: 9.044 GC heap after
Heap after GC invocations=8 (full 1):
 PSYoungGen      total 76800K, used 7328K [0x00000000eab00000, 0x00000000f2580000, 0x0000000100000000)
  eden space 65536K, 0% used [0x00000000eab00000,0x00000000eab00000,0x00000000eeb00000)
  from space 11264K, 65% used [0x00000000eeb00000,0x00000000ef228180,0x00000000ef600000)
  to   space 10752K, 0% used [0x00000000f1b00000,0x00000000f1b00000,0x00000000f2580000)
 ParOldGen       total 59904K, used 9402K [0x00000000c0000000, 0x00000000c3a80000, 0x00000000eab00000)
  object space 59904K, 15% used [0x00000000c0000000,0x00000000c092eac8,0x00000000c3a80000)
 Metaspace       used 25691K, capacity 26712K, committed 26752K, reserved 1073152K
  class space    used 3679K, capacity 3951K, committed 3968K, reserved 1048576K
}

