# JRE version: OpenJDK Runtime Environment (8.0_242-b01) (build 1.8.0_242-release-1644-b01)
# Java VM: OpenJDK 64-Bit Server VM (25.242-b01 mixed mode windows-amd64 compressed oops)
Heap:
 PSYoungGen      total 596480K, used 324281K [0x00000000d5580000, 0x00000000ffd00000, 0x0000000100000000)
  eden space 509440K, 55% used [0x00000000d5580000,0x00000000e68291c0,0x00000000f4700000)
  from space 87040K, 49% used [0x00000000f4700000,0x00000000f7105270,0x00000000f9c00000)
  to   space 84992K, 0% used [0x00000000faa00000,0x00000000faa00000,0x00000000ffd00000)
 ParOldGen       total 411648K, used 377769K [0x0000000080000000, 0x0000000099200000, 0x00000000d5580000)
  object space 411648K, 91% used [0x0000000080000000,0x00000000970ea438,0x0000000099200000)
 Metaspace       used 221971K, capacity 233928K, committed 238720K, reserved 1257472K
  class space    used 27772K, capacity 29937K, committed 30848K, reserved 1048576K
GC Heap History (10 events):
Event: 29635.009 GC heap before
{Heap before GC invocations=152 (full 9):
 PSYoungGen      total 567808K, used 496023K [0x00000000d5580000, 0x00000000fed00000, 0x0000000100000000)
  eden space 464384K, 100% used [0x00000000d5580000,0x00000000f1b00000,0x00000000f1b00000)
  from space 103424K, 30% used [0x00000000f8800000,0x00000000fa6e5e08,0x00000000fed00000)
  to   space 107520K, 0% used [0x00000000f1b00000,0x00000000f1b00000,0x00000000f8400000)
 ParOldGen       total 411648K, used 315417K [0x0000000080000000, 0x0000000099200000, 0x00000000d5580000)
  object space 411648K, 76% used [0x0000000080000000,0x00000000934064a8,0x0000000099200000)
 Metaspace       used 221944K, capacity 233916K, committed 238720K, reserved 1257472K
  class space    used 27770K, capacity 29935K, committed 30848K, reserved 1048576K
Event: 29635.482 GC heap after
Heap after GC invocations=152 (full 9):
 PSYoungGen      total 571904K, used 34143K [0x00000000d5580000, 0x00000000ff700000, 0x0000000100000000)
  eden space 464384K, 0% used [0x00000000d5580000,0x00000000d5580000,0x00000000f1b00000)
  from space 107520K, 31% used [0x00000000f1b00000,0x00000000f3c57e88,0x00000000f8400000)
  to   space 100864K, 0% used [0x00000000f9480000,0x00000000f9480000,0x00000000ff700000)
 ParOldGen       total 411648K, used 332291K [0x0000000080000000, 0x0000000099200000, 0x00000000d5580000)
  object space 411648K, 80% used [0x0000000080000000,0x0000000094480d80,0x0000000099200000)
 Metaspace       used 221944K, capacity 233916K, committed 238720K, reserved 1257472K
  class space    used 27770K, capacity 29935K, committed 30848K, reserved 1048576K
}
Event: 29637.760 GC heap before
{Heap before GC invocations=153 (full 9):
 PSYoungGen      total 571904K, used 498527K [0x00000000d5580000, 0x00000000ff700000, 0x0000000100000000)
  eden space 464384K, 100% used [0x00000000d5580000,0x00000000f1b00000,0x00000000f1b00000)
  from space 107520K, 31% used [0x00000000f1b00000,0x00000000f3c57e88,0x00000000f8400000)
  to   space 100864K, 0% used [0x00000000f9480000,0x00000000f9480000,0x00000000ff700000)
 ParOldGen       total 411648K, used 332291K [0x0000000080000000, 0x0000000099200000, 0x00000000d5580000)
  object space 411648K, 80% used [0x0000000080000000,0x0000000094480d80,0x0000000099200000)
 Metaspace       used 221947K, capacity 233916K, committed 238720K, reserved 1257472K
  class space    used 27770K, capacity 29935K, committed 30848K, reserved 1048576K
Event: 29637.831 GC heap after
Heap after GC invocations=153 (full 9):
 PSYoungGen      total 586752K, used 18751K [0x00000000d5580000, 0x00000000ff280000, 0x0000000100000000)
  eden space 490496K, 0% used [0x00000000d5580000,0x00000000d5580000,0x00000000f3480000)
  from space 96256K, 19% used [0x00000000f9480000,0x00000000fa6cfdb8,0x00000000ff280000)
  to   space 97280K, 0% used [0x00000000f3480000,0x00000000f3480000,0x00000000f9380000)
 ParOldGen       total 411648K, used 352575K [0x0000000080000000, 0x0000000099200000, 0x00000000d5580000)
  object space 411648K, 85% used [0x0000000080000000,0x000000009584ff10,0x0000000099200000)
 Metaspace       used 221947K, capacity 233916K, committed 238720K, reserved 1257472K
  class space    used 27770K, capacity 29935K, committed 30848K, reserved 1048576K
}
Event: 29639.213 GC heap before
{Heap before GC invocations=154 (full 9):
 PSYoungGen      total 586752K, used 509247K [0x00000000d5580000, 0x00000000ff280000, 0x0000000100000000)
  eden space 490496K, 100% used [0x00000000d5580000,0x00000000f3480000,0x00000000f3480000)
  from space 96256K, 19% used [0x00000000f9480000,0x00000000fa6cfdb8,0x00000000ff280000)
  to   space 97280K, 0% used [0x00000000f3480000,0x00000000f3480000,0x00000000f9380000)
 ParOldGen       total 411648K, used 352575K [0x0000000080000000, 0x0000000099200000, 0x00000000d5580000)
  object space 411648K, 85% used [0x0000000080000000,0x000000009584ff10,0x0000000099200000)
 Metaspace       used 221949K, capacity 233916K, committed 238720K, reserved 1257472K
  class space    used 27770K, capacity 29935K, committed 30848K, reserved 1048576K
Event: 29639.317 GC heap after
Heap after GC invocations=154 (full 9):
 PSYoungGen      total 587776K, used 29411K [0x00000000d5580000, 0x00000000ff700000, 0x0000000100000000)
  eden space 490496K, 0% used [0x00000000d5580000,0x00000000d5580000,0x00000000f3480000)
  from space 97280K, 30% used [0x00000000f3480000,0x00000000f5138db8,0x00000000f9380000)
  to   space 92160K, 0% used [0x00000000f9d00000,0x00000000f9d00000,0x00000000ff700000)
 ParOldGen       total 411648K, used 361132K [0x0000000080000000, 0x0000000099200000, 0x00000000d5580000)
  object space 411648K, 87% used [0x0000000080000000,0x00000000960ab250,0x0000000099200000)
 Metaspace       used 221949K, capacity 233916K, committed 238720K, reserved 1257472K
  class space    used 27770K, capacity 29935K, committed 30848K, reserved 1048576K
}
Event: 29640.891 GC heap before
{Heap before GC invocations=155 (full 9):
 PSYoungGen      total 587776K, used 519907K [0x00000000d5580000, 0x00000000ff700000, 0x0000000100000000)
  eden space 490496K, 100% used [0x00000000d5580000,0x00000000f3480000,0x00000000f3480000)
  from space 97280K, 30% used [0x00000000f3480000,0x00000000f5138db8,0x00000000f9380000)
  to   space 92160K, 0% used [0x00000000f9d00000,0x00000000f9d00000,0x00000000ff700000)
 ParOldGen       total 411648K, used 361132K [0x0000000080000000, 0x0000000099200000, 0x00000000d5580000)
  object space 411648K, 87% used [0x0000000080000000,0x00000000960ab250,0x0000000099200000)
 Metaspace       used 221955K, capacity 233916K, committed 238720K, reserved 1257472K
  class space    used 27770K, capacity 29935K, committed 30848K, reserved 1048576K
Event: 29641.109 GC heap after
Heap after GC invocations=155 (full 9):
 PSYoungGen      total 595456K, used 36822K [0x00000000d5580000, 0x00000000ff100000, 0x0000000100000000)
  eden space 509440K, 0% used [0x00000000d5580000,0x00000000d5580000,0x00000000f4700000)
  from space 86016K, 42% used [0x00000000f9d00000,0x00000000fc0f5828,0x00000000ff100000)
  to   space 87040K, 0% used [0x00000000f4700000,0x00000000f4700000,0x00000000f9c00000)
 ParOldGen       total 411648K, used 369869K [0x0000000080000000, 0x0000000099200000, 0x00000000d5580000)
  object space 411648K, 89% used [0x0000000080000000,0x0000000096933450,0x0000000099200000)
 Metaspace       used 221955K, capacity 233916K, committed 238720K, reserved 1257472K
  class space    used 27770K, capacity 29935K, committed 30848K, reserved 1048576K
}
Event: 29642.954 GC heap before
{Heap before GC invocations=156 (full 9):
 PSYoungGen      total 595456K, used 546262K [0x00000000d5580000, 0x00000000ff100000, 0x0000000100000000)
  eden space 509440K, 100% used [0x00000000d5580000,0x00000000f4700000,0x00000000f4700000)
  from space 86016K, 42% used [0x00000000f9d00000,0x00000000fc0f5828,0x00000000ff100000)
  to   space 87040K, 0% used [0x00000000f4700000,0x00000000f4700000,0x00000000f9c00000)
 ParOldGen       total 411648K, used 369869K [0x0000000080000000, 0x0000000099200000, 0x00000000d5580000)
  object space 411648K, 89% used [0x0000000080000000,0x0000000096933450,0x0000000099200000)
 Metaspace       used 221966K, capacity 233928K, committed 238720K, reserved 1257472K
  class space    used 27772K, capacity 29937K, committed 30848K, reserved 1048576K
Event: 29643.028 GC heap after
Heap after GC invocations=156 (full 9):
 PSYoungGen      total 596480K, used 43028K [0x00000000d5580000, 0x00000000ffd00000, 0x0000000100000000)
  eden space 509440K, 0% used [0x00000000d5580000,0x00000000d5580000,0x00000000f4700000)
  from space 87040K, 49% used [0x00000000f4700000,0x00000000f7105270,0x00000000f9c00000)
  to   space 84992K, 0% used [0x00000000faa00000,0x00000000faa00000,0x00000000ffd00000)
 ParOldGen       total 411648K, used 377769K [0x0000000080000000, 0x0000000099200000, 0x00000000d5580000)
  object space 411648K, 91% used [0x0000000080000000,0x00000000970ea438,0x0000000099200000)
 Metaspace       used 221966K, capacity 233928K, committed 238720K, reserved 1257472K
  class space    used 27772K, capacity 29937K, committed 30848K, reserved 1048576K
}

